The target system is: Generic -  - arm
The host system is: Linux - 5.19.0-41-generic - x86_64
Compiling the C compiler identification source file "CMakeCCompilerId.c" succeeded.
Compiler: /usr/bin/arm-none-eabi-gcc 
Build flags: 
Id flags: -c 

The output was:
0


Compilation of the C compiler identification source "CMakeCCompilerId.c" produced "CMakeCCompilerId.o"

The C compiler identification is GNU, found in "/home/marcin/projects/cmake_testing/build/CMakeFiles/3.22.1/CompilerIdC/CMakeCCompilerId.o"

Checking whether the ASM compiler is GNU using "--version" matched "(GNU assembler)|(GCC)|(Free Software Foundation)":
arm-none-eabi-gcc (15:10.3-2021.07-4) 10.3.1 20210621 (release)
Copyright (C) 2020 Free Software Foundation, Inc.
This is free software; see the source for copying conditions.  There is NO
warranty; not even for MERCHANTABILITY or FITNESS FOR A PARTICULAR PURPOSE.

Detecting C compiler ABI info compiled with the following output:
Change Dir: /home/marcin/projects/cmake_testing/build/CMakeFiles/CMakeTmp

Run Build Command(s):/usr/bin/gmake -f Makefile cmTC_90454/fast && /usr/bin/gmake  -f CMakeFiles/cmTC_90454.dir/build.make CMakeFiles/cmTC_90454.dir/build
gmake[1]: Entering directory '/home/marcin/projects/cmake_testing/build/CMakeFiles/CMakeTmp'
Building C object CMakeFiles/cmTC_90454.dir/CMakeCCompilerABI.c.obj
/usr/bin/arm-none-eabi-gcc --sysroot=/usr/arm-none-eabi   -v -o CMakeFiles/cmTC_90454.dir/CMakeCCompilerABI.c.obj -c /usr/local/share/cmake-3.22/Modules/CMakeCCompilerABI.c
Using built-in specs.
COLLECT_GCC=/usr/bin/arm-none-eabi-gcc
Target: arm-none-eabi
Configured with: ../configure --build=x86_64-linux-gnu --prefix=/usr --includedir='/usr/lib/include' --mandir='/usr/lib/share/man' --infodir='/usr/lib/share/info' --sysconfdir=/etc --localstatedir=/var --disable-option-checking --disable-silent-rules --libdir='/usr/lib/lib/x86_64-linux-gnu' --libexecdir='/usr/lib/lib/x86_64-linux-gnu' --disable-maintainer-mode --disable-dependency-tracking --mandir=/usr/share/man --enable-languages=c,c++,lto --enable-multilib --disable-decimal-float --disable-libffi --disable-libgomp --disable-libmudflap --disable-libquadmath --disable-libssp --disable-libstdcxx-pch --disable-nls --disable-shared --disable-threads --enable-tls --build=x86_64-linux-gnu --target=arm-none-eabi --with-system-zlib --with-gnu-as --with-gnu-ld --with-pkgversion=15:10.3-2021.07-4 --without-included-gettext --prefix=/usr/lib --infodir=/usr/share/doc/gcc-arm-none-eabi/info --htmldir=/usr/share/doc/gcc-arm-none-eabi/html --pdfdir=/usr/share/doc/gcc-arm-none-eabi/pdf --bindir=/usr/bin --libexecdir=/usr/lib --libdir=/usr/lib --disable-libstdc++-v3 --host=x86_64-linux-gnu --with-headers=no --without-newlib --with-multilib-list=rmprofile,aprofile CFLAGS='-g -O2 -ffile-prefix-map=/build/gcc-arm-none-eabi-hYfgK4/gcc-arm-none-eabi-10.3-2021.07=. -flto=auto -ffat-lto-objects -fstack-protector-strong' CPPFLAGS='-Wdate-time -D_FORTIFY_SOURCE=2' CXXFLAGS='-g -O2 -ffile-prefix-map=/build/gcc-arm-none-eabi-hYfgK4/gcc-arm-none-eabi-10.3-2021.07=. -flto=auto -ffat-lto-objects -fstack-protector-strong' DFLAGS=-frelease FCFLAGS='-g -O2 -ffile-prefix-map=/build/gcc-arm-none-eabi-hYfgK4/gcc-arm-none-eabi-10.3-2021.07=. -flto=auto -ffat-lto-objects -fstack-protector-strong' FFLAGS='-g -O2 -ffile-prefix-map=/build/gcc-arm-none-eabi-hYfgK4/gcc-arm-none-eabi-10.3-2021.07=. -flto=auto -ffat-lto-objects -fstack-protector-strong' GCJFLAGS='-g -O2 -ffile-prefix-map=/build/gcc-arm-none-eabi-hYfgK4/gcc-arm-none-eabi-10.3-2021.07=. -fstack-protector-strong' LDFLAGS='-Wl,-Bsymbolic-functions -flto=auto -Wl,-z,relro' OBJCFLAGS='-g -O2 -ffile-prefix-map=/build/gcc-arm-none-eabi-hYfgK4/gcc-arm-none-eabi-10.3-2021.07=. -flto=auto -ffat-lto-objects -fstack-protector-strong' OBJCXXFLAGS='-g -O2 -ffile-prefix-map=/build/gcc-arm-none-eabi-hYfgK4/gcc-arm-none-eabi-10.3-2021.07=. -flto=auto -ffat-lto-objects -fstack-protector-strong' INHIBIT_LIBC_CFLAGS=-DUSE_TM_CLONE_REGISTRY=0 AR_FOR_TARGET=arm-none-eabi-ar AS_FOR_TARGET=arm-none-eabi-as LD_FOR_TARGET=arm-none-eabi-ld NM_FOR_TARGET=arm-none-eabi-nm OBJDUMP_FOR_TARGET=arm-none-eabi-objdump RANLIB_FOR_TARGET=arm-none-eabi-ranlib READELF_FOR_TARGET=arm-none-eabi-readelf STRIP_FOR_TARGET=arm-none-eabi-strip SED=/bin/sed SHELL=/bin/sh BASH=/bin/bash CONFIG_SHELL=/bin/bash
Thread model: single
Supported LTO compression algorithms: zlib
gcc version 10.3.1 20210621 (release) (15:10.3-2021.07-4) 
COLLECT_GCC_OPTIONS='-v' '-o' 'CMakeFiles/cmTC_90454.dir/CMakeCCompilerABI.c.obj' '-c' '-mcpu=arm7tdmi' '-mfloat-abi=soft' '-marm' '-mlibarch=armv4t' '-march=armv4t'
 /usr/lib/gcc/arm-none-eabi/10.3.1/cc1 -quiet -v -isysroot /usr/arm-none-eabi -D__USES_INITFINI__ /usr/local/share/cmake-3.22/Modules/CMakeCCompilerABI.c -quiet -dumpbase CMakeCCompilerABI.c -mcpu=arm7tdmi -mfloat-abi=soft -marm -mlibarch=armv4t -march=armv4t -auxbase-strip CMakeFiles/cmTC_90454.dir/CMakeCCompilerABI.c.obj -version -o /tmp/ccAsXKs2.s
GNU C17 (15:10.3-2021.07-4) version 10.3.1 20210621 (release) (arm-none-eabi)
	compiled by GNU C version 11.2.0, GMP version 6.2.1, MPFR version 4.1.0, MPC version 1.2.1, isl version isl-0.24-GMP

GGC heuristics: --param ggc-min-expand=100 --param ggc-min-heapsize=131072
ignoring nonexistent directory "/usr/lib/gcc/arm-none-eabi/10.3.1/../../../arm-none-eabi/sys-include"
#include "..." search starts here:
#include <...> search starts here:
 /usr/lib/gcc/arm-none-eabi/10.3.1/include
 /usr/lib/gcc/arm-none-eabi/10.3.1/include-fixed
 /usr/lib/gcc/arm-none-eabi/10.3.1/../../../arm-none-eabi/include
End of search list.
GNU C17 (15:10.3-2021.07-4) version 10.3.1 20210621 (release) (arm-none-eabi)
	compiled by GNU C version 11.2.0, GMP version 6.2.1, MPFR version 4.1.0, MPC version 1.2.1, isl version isl-0.24-GMP

GGC heuristics: --param ggc-min-expand=100 --param ggc-min-heapsize=131072
Compiler executable checksum: 4cf7574ae54eb0935abb4a8c56f8bcfe
COLLECT_GCC_OPTIONS='-v' '-o' 'CMakeFiles/cmTC_90454.dir/CMakeCCompilerABI.c.obj' '-c' '-mcpu=arm7tdmi' '-mfloat-abi=soft' '-marm' '-mlibarch=armv4t' '-march=armv4t'
 /usr/lib/gcc/arm-none-eabi/10.3.1/../../../arm-none-eabi/bin/as -v -march=armv4t -mfloat-abi=soft -meabi=5 -o CMakeFiles/cmTC_90454.dir/CMakeCCompilerABI.c.obj /tmp/ccAsXKs2.s
GNU assembler version 2.38 (arm-none-eabi) using BFD version (2.38-3ubuntu1+15build1) 2.38
COMPILER_PATH=/usr/lib/gcc/arm-none-eabi/10.3.1/:/usr/lib/gcc/arm-none-eabi/10.3.1/:/usr/lib/gcc/arm-none-eabi/:/usr/lib/gcc/arm-none-eabi/10.3.1/:/usr/lib/gcc/arm-none-eabi/:/usr/lib/gcc/arm-none-eabi/10.3.1/../../../arm-none-eabi/bin/
LIBRARY_PATH=/usr/lib/gcc/arm-none-eabi/10.3.1/:/usr/lib/gcc/arm-none-eabi/10.3.1/../../../arm-none-eabi/lib/
COLLECT_GCC_OPTIONS='-v' '-o' 'CMakeFiles/cmTC_90454.dir/CMakeCCompilerABI.c.obj' '-c' '-mcpu=arm7tdmi' '-mfloat-abi=soft' '-marm' '-mlibarch=armv4t' '-march=armv4t'
Linking C static library libcmTC_90454.a
/usr/local/bin/cmake -P CMakeFiles/cmTC_90454.dir/cmake_clean_target.cmake
/usr/local/bin/cmake -E cmake_link_script CMakeFiles/cmTC_90454.dir/link.txt --verbose=1
/usr/bin/arm-none-eabi-ar qc libcmTC_90454.a CMakeFiles/cmTC_90454.dir/CMakeCCompilerABI.c.obj
/usr/bin/arm-none-eabi-ranlib libcmTC_90454.a
gmake[1]: Leaving directory '/home/marcin/projects/cmake_testing/build/CMakeFiles/CMakeTmp'



Parsed C implicit include dir info from above output: rv=done
  found start of include info
  found start of implicit include info
    add: [/usr/lib/gcc/arm-none-eabi/10.3.1/include]
    add: [/usr/lib/gcc/arm-none-eabi/10.3.1/include-fixed]
    add: [/usr/lib/gcc/arm-none-eabi/10.3.1/../../../arm-none-eabi/include]
  end of search list found
  collapse include dir [/usr/lib/gcc/arm-none-eabi/10.3.1/include] ==> [/usr/lib/gcc/arm-none-eabi/10.3.1/include]
  collapse include dir [/usr/lib/gcc/arm-none-eabi/10.3.1/include-fixed] ==> [/usr/lib/gcc/arm-none-eabi/10.3.1/include-fixed]
  collapse include dir [/usr/lib/gcc/arm-none-eabi/10.3.1/../../../arm-none-eabi/include] ==> [/usr/lib/arm-none-eabi/include]
  implicit include dirs: [/usr/lib/gcc/arm-none-eabi/10.3.1/include;/usr/lib/gcc/arm-none-eabi/10.3.1/include-fixed;/usr/lib/arm-none-eabi/include]


Parsed C implicit link information from above output:
  link line regex: [^( *|.*[/\])(arm-none-eabi-ld|CMAKE_LINK_STARTFILE-NOTFOUND|([^/\]+-)?ld|collect2)[^/\]*( |$)]
  ignore line: [Change Dir: /home/marcin/projects/cmake_testing/build/CMakeFiles/CMakeTmp]
  ignore line: []
  ignore line: [Run Build Command(s):/usr/bin/gmake -f Makefile cmTC_90454/fast && /usr/bin/gmake  -f CMakeFiles/cmTC_90454.dir/build.make CMakeFiles/cmTC_90454.dir/build]
  ignore line: [gmake[1]: Entering directory '/home/marcin/projects/cmake_testing/build/CMakeFiles/CMakeTmp']
  ignore line: [Building C object CMakeFiles/cmTC_90454.dir/CMakeCCompilerABI.c.obj]
  ignore line: [/usr/bin/arm-none-eabi-gcc --sysroot=/usr/arm-none-eabi   -v -o CMakeFiles/cmTC_90454.dir/CMakeCCompilerABI.c.obj -c /usr/local/share/cmake-3.22/Modules/CMakeCCompilerABI.c]
  ignore line: [Using built-in specs.]
  ignore line: [COLLECT_GCC=/usr/bin/arm-none-eabi-gcc]
  ignore line: [Target: arm-none-eabi]
  ignore line: [Configured with: ../configure --build=x86_64-linux-gnu --prefix=/usr --includedir='/usr/lib/include' --mandir='/usr/lib/share/man' --infodir='/usr/lib/share/info' --sysconfdir=/etc --localstatedir=/var --disable-option-checking --disable-silent-rules --libdir='/usr/lib/lib/x86_64-linux-gnu' --libexecdir='/usr/lib/lib/x86_64-linux-gnu' --disable-maintainer-mode --disable-dependency-tracking --mandir=/usr/share/man --enable-languages=c,c++,lto --enable-multilib --disable-decimal-float --disable-libffi --disable-libgomp --disable-libmudflap --disable-libquadmath --disable-libssp --disable-libstdcxx-pch --disable-nls --disable-shared --disable-threads --enable-tls --build=x86_64-linux-gnu --target=arm-none-eabi --with-system-zlib --with-gnu-as --with-gnu-ld --with-pkgversion=15:10.3-2021.07-4 --without-included-gettext --prefix=/usr/lib --infodir=/usr/share/doc/gcc-arm-none-eabi/info --htmldir=/usr/share/doc/gcc-arm-none-eabi/html --pdfdir=/usr/share/doc/gcc-arm-none-eabi/pdf --bindir=/usr/bin --libexecdir=/usr/lib --libdir=/usr/lib --disable-libstdc++-v3 --host=x86_64-linux-gnu --with-headers=no --without-newlib --with-multilib-list=rmprofile,aprofile CFLAGS='-g -O2 -ffile-prefix-map=/build/gcc-arm-none-eabi-hYfgK4/gcc-arm-none-eabi-10.3-2021.07=. -flto=auto -ffat-lto-objects -fstack-protector-strong' CPPFLAGS='-Wdate-time -D_FORTIFY_SOURCE=2' CXXFLAGS='-g -O2 -ffile-prefix-map=/build/gcc-arm-none-eabi-hYfgK4/gcc-arm-none-eabi-10.3-2021.07=. -flto=auto -ffat-lto-objects -fstack-protector-strong' DFLAGS=-frelease FCFLAGS='-g -O2 -ffile-prefix-map=/build/gcc-arm-none-eabi-hYfgK4/gcc-arm-none-eabi-10.3-2021.07=. -flto=auto -ffat-lto-objects -fstack-protector-strong' FFLAGS='-g -O2 -ffile-prefix-map=/build/gcc-arm-none-eabi-hYfgK4/gcc-arm-none-eabi-10.3-2021.07=. -flto=auto -ffat-lto-objects -fstack-protector-strong' GCJFLAGS='-g -O2 -ffile-prefix-map=/build/gcc-arm-none-eabi-hYfgK4/gcc-arm-none-eabi-10.3-2021.07=. -fstack-protector-strong' LDFLAGS='-Wl,-Bsymbolic-functions -flto=auto -Wl,-z,relro' OBJCFLAGS='-g -O2 -ffile-prefix-map=/build/gcc-arm-none-eabi-hYfgK4/gcc-arm-none-eabi-10.3-2021.07=. -flto=auto -ffat-lto-objects -fstack-protector-strong' OBJCXXFLAGS='-g -O2 -ffile-prefix-map=/build/gcc-arm-none-eabi-hYfgK4/gcc-arm-none-eabi-10.3-2021.07=. -flto=auto -ffat-lto-objects -fstack-protector-strong' INHIBIT_LIBC_CFLAGS=-DUSE_TM_CLONE_REGISTRY=0 AR_FOR_TARGET=arm-none-eabi-ar AS_FOR_TARGET=arm-none-eabi-as LD_FOR_TARGET=arm-none-eabi-ld NM_FOR_TARGET=arm-none-eabi-nm OBJDUMP_FOR_TARGET=arm-none-eabi-objdump RANLIB_FOR_TARGET=arm-none-eabi-ranlib READELF_FOR_TARGET=arm-none-eabi-readelf STRIP_FOR_TARGET=arm-none-eabi-strip SED=/bin/sed SHELL=/bin/sh BASH=/bin/bash CONFIG_SHELL=/bin/bash]
  ignore line: [Thread model: single]
  ignore line: [Supported LTO compression algorithms: zlib]
  ignore line: [gcc version 10.3.1 20210621 (release) (15:10.3-2021.07-4) ]
  ignore line: [COLLECT_GCC_OPTIONS='-v' '-o' 'CMakeFiles/cmTC_90454.dir/CMakeCCompilerABI.c.obj' '-c' '-mcpu=arm7tdmi' '-mfloat-abi=soft' '-marm' '-mlibarch=armv4t' '-march=armv4t']
  ignore line: [ /usr/lib/gcc/arm-none-eabi/10.3.1/cc1 -quiet -v -isysroot /usr/arm-none-eabi -D__USES_INITFINI__ /usr/local/share/cmake-3.22/Modules/CMakeCCompilerABI.c -quiet -dumpbase CMakeCCompilerABI.c -mcpu=arm7tdmi -mfloat-abi=soft -marm -mlibarch=armv4t -march=armv4t -auxbase-strip CMakeFiles/cmTC_90454.dir/CMakeCCompilerABI.c.obj -version -o /tmp/ccAsXKs2.s]
  ignore line: [GNU C17 (15:10.3-2021.07-4) version 10.3.1 20210621 (release) (arm-none-eabi)]
  ignore line: [	compiled by GNU C version 11.2.0  GMP version 6.2.1  MPFR version 4.1.0  MPC version 1.2.1  isl version isl-0.24-GMP]
  ignore line: []
  ignore line: [GGC heuristics: --param ggc-min-expand=100 --param ggc-min-heapsize=131072]
  ignore line: [ignoring nonexistent directory "/usr/lib/gcc/arm-none-eabi/10.3.1/../../../arm-none-eabi/sys-include"]
  ignore line: [#include "..." search starts here:]
  ignore line: [#include <...> search starts here:]
  ignore line: [ /usr/lib/gcc/arm-none-eabi/10.3.1/include]
  ignore line: [ /usr/lib/gcc/arm-none-eabi/10.3.1/include-fixed]
  ignore line: [ /usr/lib/gcc/arm-none-eabi/10.3.1/../../../arm-none-eabi/include]
  ignore line: [End of search list.]
  ignore line: [GNU C17 (15:10.3-2021.07-4) version 10.3.1 20210621 (release) (arm-none-eabi)]
  ignore line: [	compiled by GNU C version 11.2.0  GMP version 6.2.1  MPFR version 4.1.0  MPC version 1.2.1  isl version isl-0.24-GMP]
  ignore line: []
  ignore line: [GGC heuristics: --param ggc-min-expand=100 --param ggc-min-heapsize=131072]
  ignore line: [Compiler executable checksum: 4cf7574ae54eb0935abb4a8c56f8bcfe]
  ignore line: [COLLECT_GCC_OPTIONS='-v' '-o' 'CMakeFiles/cmTC_90454.dir/CMakeCCompilerABI.c.obj' '-c' '-mcpu=arm7tdmi' '-mfloat-abi=soft' '-marm' '-mlibarch=armv4t' '-march=armv4t']
  ignore line: [ /usr/lib/gcc/arm-none-eabi/10.3.1/../../../arm-none-eabi/bin/as -v -march=armv4t -mfloat-abi=soft -meabi=5 -o CMakeFiles/cmTC_90454.dir/CMakeCCompilerABI.c.obj /tmp/ccAsXKs2.s]
  ignore line: [GNU assembler version 2.38 (arm-none-eabi) using BFD version (2.38-3ubuntu1+15build1) 2.38]
  ignore line: [COMPILER_PATH=/usr/lib/gcc/arm-none-eabi/10.3.1/:/usr/lib/gcc/arm-none-eabi/10.3.1/:/usr/lib/gcc/arm-none-eabi/:/usr/lib/gcc/arm-none-eabi/10.3.1/:/usr/lib/gcc/arm-none-eabi/:/usr/lib/gcc/arm-none-eabi/10.3.1/../../../arm-none-eabi/bin/]
  ignore line: [LIBRARY_PATH=/usr/lib/gcc/arm-none-eabi/10.3.1/:/usr/lib/gcc/arm-none-eabi/10.3.1/../../../arm-none-eabi/lib/]
  ignore line: [COLLECT_GCC_OPTIONS='-v' '-o' 'CMakeFiles/cmTC_90454.dir/CMakeCCompilerABI.c.obj' '-c' '-mcpu=arm7tdmi' '-mfloat-abi=soft' '-marm' '-mlibarch=armv4t' '-march=armv4t']
  ignore line: [Linking C static library libcmTC_90454.a]
  ignore line: [/usr/local/bin/cmake -P CMakeFiles/cmTC_90454.dir/cmake_clean_target.cmake]
  ignore line: [/usr/local/bin/cmake -E cmake_link_script CMakeFiles/cmTC_90454.dir/link.txt --verbose=1]
  ignore line: [/usr/bin/arm-none-eabi-ar qc libcmTC_90454.a CMakeFiles/cmTC_90454.dir/CMakeCCompilerABI.c.obj]
  ignore line: [/usr/bin/arm-none-eabi-ranlib libcmTC_90454.a]
  ignore line: [gmake[1]: Leaving directory '/home/marcin/projects/cmake_testing/build/CMakeFiles/CMakeTmp']
  ignore line: []
  ignore line: []
  implicit libs: []
  implicit objs: []
  implicit dirs: []
  implicit fwks: []


Performing C SOURCE FILE Test COMPILER_SUPPORTS_GNU11 succeeded with the following output:
Change Dir: /home/marcin/projects/cmake_testing/build/CMakeFiles/CMakeTmp

Run Build Command(s):/usr/bin/gmake -f Makefile cmTC_af395/fast && /usr/bin/gmake  -f CMakeFiles/cmTC_af395.dir/build.make CMakeFiles/cmTC_af395.dir/build
gmake[1]: Entering directory '/home/marcin/projects/cmake_testing/build/CMakeFiles/CMakeTmp'
Building C object CMakeFiles/cmTC_af395.dir/src.c.obj
/usr/bin/arm-none-eabi-gcc --sysroot=/usr/arm-none-eabi -DCOMPILER_SUPPORTS_GNU11  -Wall -Wno-strict-overflow    -std=gnu11 -o CMakeFiles/cmTC_af395.dir/src.c.obj -c /home/marcin/projects/cmake_testing/build/CMakeFiles/CMakeTmp/src.c
Linking C static library libcmTC_af395.a
/usr/local/bin/cmake -P CMakeFiles/cmTC_af395.dir/cmake_clean_target.cmake
/usr/local/bin/cmake -E cmake_link_script CMakeFiles/cmTC_af395.dir/link.txt --verbose=1
/usr/bin/arm-none-eabi-ar qc libcmTC_af395.a CMakeFiles/cmTC_af395.dir/src.c.obj
/usr/bin/arm-none-eabi-ranlib libcmTC_af395.a
gmake[1]: Leaving directory '/home/marcin/projects/cmake_testing/build/CMakeFiles/CMakeTmp'


Source file was:
int main(void) { return 0; }
Performing C SOURCE FILE Test COMPILER_SUPPORTS_GNU99 succeeded with the following output:
Change Dir: /home/marcin/projects/cmake_testing/build/CMakeFiles/CMakeTmp

Run Build Command(s):/usr/bin/gmake -f Makefile cmTC_4267e/fast && /usr/bin/gmake  -f CMakeFiles/cmTC_4267e.dir/build.make CMakeFiles/cmTC_4267e.dir/build
gmake[1]: Entering directory '/home/marcin/projects/cmake_testing/build/CMakeFiles/CMakeTmp'
Building C object CMakeFiles/cmTC_4267e.dir/src.c.obj
/usr/bin/arm-none-eabi-gcc --sysroot=/usr/arm-none-eabi -DCOMPILER_SUPPORTS_GNU99  -Wall -Wno-strict-overflow    -std=gnu99 -o CMakeFiles/cmTC_4267e.dir/src.c.obj -c /home/marcin/projects/cmake_testing/build/CMakeFiles/CMakeTmp/src.c
Linking C static library libcmTC_4267e.a
/usr/local/bin/cmake -P CMakeFiles/cmTC_4267e.dir/cmake_clean_target.cmake
/usr/local/bin/cmake -E cmake_link_script CMakeFiles/cmTC_4267e.dir/link.txt --verbose=1
/usr/bin/arm-none-eabi-ar qc libcmTC_4267e.a CMakeFiles/cmTC_4267e.dir/src.c.obj
/usr/bin/arm-none-eabi-ranlib libcmTC_4267e.a
gmake[1]: Leaving directory '/home/marcin/projects/cmake_testing/build/CMakeFiles/CMakeTmp'


Source file was:
int main(void) { return 0; }
Determining if files stdlib.h exist passed with the following output:
Change Dir: /home/marcin/projects/cmake_testing/build/CMakeFiles/CMakeTmp

Run Build Command(s):/usr/bin/gmake -f Makefile cmTC_9b02b/fast && /usr/bin/gmake  -f CMakeFiles/cmTC_9b02b.dir/build.make CMakeFiles/cmTC_9b02b.dir/build
gmake[1]: Entering directory '/home/marcin/projects/cmake_testing/build/CMakeFiles/CMakeTmp'
Building C object CMakeFiles/cmTC_9b02b.dir/HAVE_STDLIB_H.c.obj
/usr/bin/arm-none-eabi-gcc --sysroot=/usr/arm-none-eabi   -Wall -Wno-strict-overflow -std=gnu11  -o CMakeFiles/cmTC_9b02b.dir/HAVE_STDLIB_H.c.obj -c /home/marcin/projects/cmake_testing/build/CMakeFiles/CheckIncludeFiles/HAVE_STDLIB_H.c
Linking C static library libcmTC_9b02b.a
/usr/local/bin/cmake -P CMakeFiles/cmTC_9b02b.dir/cmake_clean_target.cmake
/usr/local/bin/cmake -E cmake_link_script CMakeFiles/cmTC_9b02b.dir/link.txt --verbose=1
/usr/bin/arm-none-eabi-ar qc libcmTC_9b02b.a CMakeFiles/cmTC_9b02b.dir/HAVE_STDLIB_H.c.obj
/usr/bin/arm-none-eabi-ranlib libcmTC_9b02b.a
gmake[1]: Leaving directory '/home/marcin/projects/cmake_testing/build/CMakeFiles/CMakeTmp'



Determining if files string.h exist passed with the following output:
Change Dir: /home/marcin/projects/cmake_testing/build/CMakeFiles/CMakeTmp

Run Build Command(s):/usr/bin/gmake -f Makefile cmTC_10875/fast && /usr/bin/gmake  -f CMakeFiles/cmTC_10875.dir/build.make CMakeFiles/cmTC_10875.dir/build
gmake[1]: Entering directory '/home/marcin/projects/cmake_testing/build/CMakeFiles/CMakeTmp'
Building C object CMakeFiles/cmTC_10875.dir/HAVE_STRING_H.c.obj
/usr/bin/arm-none-eabi-gcc --sysroot=/usr/arm-none-eabi   -Wall -Wno-strict-overflow -std=gnu11  -o CMakeFiles/cmTC_10875.dir/HAVE_STRING_H.c.obj -c /home/marcin/projects/cmake_testing/build/CMakeFiles/CheckIncludeFiles/HAVE_STRING_H.c
Linking C static library libcmTC_10875.a
/usr/local/bin/cmake -P CMakeFiles/cmTC_10875.dir/cmake_clean_target.cmake
/usr/local/bin/cmake -E cmake_link_script CMakeFiles/cmTC_10875.dir/link.txt --verbose=1
/usr/bin/arm-none-eabi-ar qc libcmTC_10875.a CMakeFiles/cmTC_10875.dir/HAVE_STRING_H.c.obj
/usr/bin/arm-none-eabi-ranlib libcmTC_10875.a
gmake[1]: Leaving directory '/home/marcin/projects/cmake_testing/build/CMakeFiles/CMakeTmp'



Determining if the floor exist passed with the following output:
Change Dir: /home/marcin/projects/cmake_testing/build/CMakeFiles/CMakeTmp

Run Build Command(s):/usr/bin/gmake -f Makefile cmTC_5710a/fast && /usr/bin/gmake  -f CMakeFiles/cmTC_5710a.dir/build.make CMakeFiles/cmTC_5710a.dir/build
gmake[1]: Entering directory '/home/marcin/projects/cmake_testing/build/CMakeFiles/CMakeTmp'
Building C object CMakeFiles/cmTC_5710a.dir/CheckSymbolExists.c.obj
/usr/bin/arm-none-eabi-gcc --sysroot=/usr/arm-none-eabi   -Wall -Wno-strict-overflow -std=gnu11  -o CMakeFiles/cmTC_5710a.dir/CheckSymbolExists.c.obj -c /home/marcin/projects/cmake_testing/build/CMakeFiles/CMakeTmp/CheckSymbolExists.c
Linking C static library libcmTC_5710a.a
/usr/local/bin/cmake -P CMakeFiles/cmTC_5710a.dir/cmake_clean_target.cmake
/usr/local/bin/cmake -E cmake_link_script CMakeFiles/cmTC_5710a.dir/link.txt --verbose=1
/usr/bin/arm-none-eabi-ar qc libcmTC_5710a.a CMakeFiles/cmTC_5710a.dir/CheckSymbolExists.c.obj
/usr/bin/arm-none-eabi-ranlib libcmTC_5710a.a
gmake[1]: Leaving directory '/home/marcin/projects/cmake_testing/build/CMakeFiles/CMakeTmp'


File /home/marcin/projects/cmake_testing/build/CMakeFiles/CMakeTmp/CheckSymbolExists.c:
/* */
#include <math.h>

int main(int argc, char** argv)
{
  (void)argv;
#ifndef floor
  return ((int*)(&floor))[argc];
#else
  (void)argc;
  return 0;
#endif
}
Determining if the ceil exist passed with the following output:
Change Dir: /home/marcin/projects/cmake_testing/build/CMakeFiles/CMakeTmp

Run Build Command(s):/usr/bin/gmake -f Makefile cmTC_b0bd8/fast && /usr/bin/gmake  -f CMakeFiles/cmTC_b0bd8.dir/build.make CMakeFiles/cmTC_b0bd8.dir/build
gmake[1]: Entering directory '/home/marcin/projects/cmake_testing/build/CMakeFiles/CMakeTmp'
Building C object CMakeFiles/cmTC_b0bd8.dir/CheckSymbolExists.c.obj
/usr/bin/arm-none-eabi-gcc --sysroot=/usr/arm-none-eabi   -Wall -Wno-strict-overflow -std=gnu11  -o CMakeFiles/cmTC_b0bd8.dir/CheckSymbolExists.c.obj -c /home/marcin/projects/cmake_testing/build/CMakeFiles/CMakeTmp/CheckSymbolExists.c
Linking C static library libcmTC_b0bd8.a
/usr/local/bin/cmake -P CMakeFiles/cmTC_b0bd8.dir/cmake_clean_target.cmake
/usr/local/bin/cmake -E cmake_link_script CMakeFiles/cmTC_b0bd8.dir/link.txt --verbose=1
/usr/bin/arm-none-eabi-ar qc libcmTC_b0bd8.a CMakeFiles/cmTC_b0bd8.dir/CheckSymbolExists.c.obj
/usr/bin/arm-none-eabi-ranlib libcmTC_b0bd8.a
gmake[1]: Leaving directory '/home/marcin/projects/cmake_testing/build/CMakeFiles/CMakeTmp'


File /home/marcin/projects/cmake_testing/build/CMakeFiles/CMakeTmp/CheckSymbolExists.c:
/* */
#include <math.h>

int main(int argc, char** argv)
{
  (void)argv;
#ifndef ceil
  return ((int*)(&ceil))[argc];
#else
  (void)argc;
  return 0;
#endif
}
Determining if the pow exist passed with the following output:
Change Dir: /home/marcin/projects/cmake_testing/build/CMakeFiles/CMakeTmp

Run Build Command(s):/usr/bin/gmake -f Makefile cmTC_add30/fast && /usr/bin/gmake  -f CMakeFiles/cmTC_add30.dir/build.make CMakeFiles/cmTC_add30.dir/build
gmake[1]: Entering directory '/home/marcin/projects/cmake_testing/build/CMakeFiles/CMakeTmp'
Building C object CMakeFiles/cmTC_add30.dir/CheckSymbolExists.c.obj
/usr/bin/arm-none-eabi-gcc --sysroot=/usr/arm-none-eabi   -Wall -Wno-strict-overflow -std=gnu11  -o CMakeFiles/cmTC_add30.dir/CheckSymbolExists.c.obj -c /home/marcin/projects/cmake_testing/build/CMakeFiles/CMakeTmp/CheckSymbolExists.c
Linking C static library libcmTC_add30.a
/usr/local/bin/cmake -P CMakeFiles/cmTC_add30.dir/cmake_clean_target.cmake
/usr/local/bin/cmake -E cmake_link_script CMakeFiles/cmTC_add30.dir/link.txt --verbose=1
/usr/bin/arm-none-eabi-ar qc libcmTC_add30.a CMakeFiles/cmTC_add30.dir/CheckSymbolExists.c.obj
/usr/bin/arm-none-eabi-ranlib libcmTC_add30.a
gmake[1]: Leaving directory '/home/marcin/projects/cmake_testing/build/CMakeFiles/CMakeTmp'


File /home/marcin/projects/cmake_testing/build/CMakeFiles/CMakeTmp/CheckSymbolExists.c:
/* */
#include <math.h>

int main(int argc, char** argv)
{
  (void)argv;
#ifndef pow
  return ((int*)(&pow))[argc];
#else
  (void)argc;
  return 0;
#endif
}
Determining if the sqrt exist passed with the following output:
Change Dir: /home/marcin/projects/cmake_testing/build/CMakeFiles/CMakeTmp

Run Build Command(s):/usr/bin/gmake -f Makefile cmTC_b1ee1/fast && /usr/bin/gmake  -f CMakeFiles/cmTC_b1ee1.dir/build.make CMakeFiles/cmTC_b1ee1.dir/build
gmake[1]: Entering directory '/home/marcin/projects/cmake_testing/build/CMakeFiles/CMakeTmp'
Building C object CMakeFiles/cmTC_b1ee1.dir/CheckSymbolExists.c.obj
/usr/bin/arm-none-eabi-gcc --sysroot=/usr/arm-none-eabi   -Wall -Wno-strict-overflow -std=gnu11  -o CMakeFiles/cmTC_b1ee1.dir/CheckSymbolExists.c.obj -c /home/marcin/projects/cmake_testing/build/CMakeFiles/CMakeTmp/CheckSymbolExists.c
Linking C static library libcmTC_b1ee1.a
/usr/local/bin/cmake -P CMakeFiles/cmTC_b1ee1.dir/cmake_clean_target.cmake
/usr/local/bin/cmake -E cmake_link_script CMakeFiles/cmTC_b1ee1.dir/link.txt --verbose=1
/usr/bin/arm-none-eabi-ar qc libcmTC_b1ee1.a CMakeFiles/cmTC_b1ee1.dir/CheckSymbolExists.c.obj
/usr/bin/arm-none-eabi-ranlib libcmTC_b1ee1.a
gmake[1]: Leaving directory '/home/marcin/projects/cmake_testing/build/CMakeFiles/CMakeTmp'


File /home/marcin/projects/cmake_testing/build/CMakeFiles/CMakeTmp/CheckSymbolExists.c:
/* */
#include <math.h>

int main(int argc, char** argv)
{
  (void)argv;
#ifndef sqrt
  return ((int*)(&sqrt))[argc];
#else
  (void)argc;
  return 0;
#endif
}
Determining if the sin exist passed with the following output:
Change Dir: /home/marcin/projects/cmake_testing/build/CMakeFiles/CMakeTmp

Run Build Command(s):/usr/bin/gmake -f Makefile cmTC_0de5a/fast && /usr/bin/gmake  -f CMakeFiles/cmTC_0de5a.dir/build.make CMakeFiles/cmTC_0de5a.dir/build
gmake[1]: Entering directory '/home/marcin/projects/cmake_testing/build/CMakeFiles/CMakeTmp'
Building C object CMakeFiles/cmTC_0de5a.dir/CheckSymbolExists.c.obj
/usr/bin/arm-none-eabi-gcc --sysroot=/usr/arm-none-eabi   -Wall -Wno-strict-overflow -std=gnu11  -o CMakeFiles/cmTC_0de5a.dir/CheckSymbolExists.c.obj -c /home/marcin/projects/cmake_testing/build/CMakeFiles/CMakeTmp/CheckSymbolExists.c
Linking C static library libcmTC_0de5a.a
/usr/local/bin/cmake -P CMakeFiles/cmTC_0de5a.dir/cmake_clean_target.cmake
/usr/local/bin/cmake -E cmake_link_script CMakeFiles/cmTC_0de5a.dir/link.txt --verbose=1
/usr/bin/arm-none-eabi-ar qc libcmTC_0de5a.a CMakeFiles/cmTC_0de5a.dir/CheckSymbolExists.c.obj
/usr/bin/arm-none-eabi-ranlib libcmTC_0de5a.a
gmake[1]: Leaving directory '/home/marcin/projects/cmake_testing/build/CMakeFiles/CMakeTmp'


File /home/marcin/projects/cmake_testing/build/CMakeFiles/CMakeTmp/CheckSymbolExists.c:
/* */
#include <math.h>

int main(int argc, char** argv)
{
  (void)argv;
#ifndef sin
  return ((int*)(&sin))[argc];
#else
  (void)argc;
  return 0;
#endif
}
Determining if the cos exist passed with the following output:
Change Dir: /home/marcin/projects/cmake_testing/build/CMakeFiles/CMakeTmp

Run Build Command(s):/usr/bin/gmake -f Makefile cmTC_71f92/fast && /usr/bin/gmake  -f CMakeFiles/cmTC_71f92.dir/build.make CMakeFiles/cmTC_71f92.dir/build
gmake[1]: Entering directory '/home/marcin/projects/cmake_testing/build/CMakeFiles/CMakeTmp'
Building C object CMakeFiles/cmTC_71f92.dir/CheckSymbolExists.c.obj
/usr/bin/arm-none-eabi-gcc --sysroot=/usr/arm-none-eabi   -Wall -Wno-strict-overflow -std=gnu11  -o CMakeFiles/cmTC_71f92.dir/CheckSymbolExists.c.obj -c /home/marcin/projects/cmake_testing/build/CMakeFiles/CMakeTmp/CheckSymbolExists.c
Linking C static library libcmTC_71f92.a
/usr/local/bin/cmake -P CMakeFiles/cmTC_71f92.dir/cmake_clean_target.cmake
/usr/local/bin/cmake -E cmake_link_script CMakeFiles/cmTC_71f92.dir/link.txt --verbose=1
/usr/bin/arm-none-eabi-ar qc libcmTC_71f92.a CMakeFiles/cmTC_71f92.dir/CheckSymbolExists.c.obj
/usr/bin/arm-none-eabi-ranlib libcmTC_71f92.a
gmake[1]: Leaving directory '/home/marcin/projects/cmake_testing/build/CMakeFiles/CMakeTmp'


File /home/marcin/projects/cmake_testing/build/CMakeFiles/CMakeTmp/CheckSymbolExists.c:
/* */
#include <math.h>

int main(int argc, char** argv)
{
  (void)argv;
#ifndef cos
  return ((int*)(&cos))[argc];
#else
  (void)argc;
  return 0;
#endif
}
Determining if the atan2 exist passed with the following output:
Change Dir: /home/marcin/projects/cmake_testing/build/CMakeFiles/CMakeTmp

Run Build Command(s):/usr/bin/gmake -f Makefile cmTC_85d70/fast && /usr/bin/gmake  -f CMakeFiles/cmTC_85d70.dir/build.make CMakeFiles/cmTC_85d70.dir/build
gmake[1]: Entering directory '/home/marcin/projects/cmake_testing/build/CMakeFiles/CMakeTmp'
Building C object CMakeFiles/cmTC_85d70.dir/CheckSymbolExists.c.obj
/usr/bin/arm-none-eabi-gcc --sysroot=/usr/arm-none-eabi   -Wall -Wno-strict-overflow -std=gnu11  -o CMakeFiles/cmTC_85d70.dir/CheckSymbolExists.c.obj -c /home/marcin/projects/cmake_testing/build/CMakeFiles/CMakeTmp/CheckSymbolExists.c
Linking C static library libcmTC_85d70.a
/usr/local/bin/cmake -P CMakeFiles/cmTC_85d70.dir/cmake_clean_target.cmake
/usr/local/bin/cmake -E cmake_link_script CMakeFiles/cmTC_85d70.dir/link.txt --verbose=1
/usr/bin/arm-none-eabi-ar qc libcmTC_85d70.a CMakeFiles/cmTC_85d70.dir/CheckSymbolExists.c.obj
/usr/bin/arm-none-eabi-ranlib libcmTC_85d70.a
gmake[1]: Leaving directory '/home/marcin/projects/cmake_testing/build/CMakeFiles/CMakeTmp'


File /home/marcin/projects/cmake_testing/build/CMakeFiles/CMakeTmp/CheckSymbolExists.c:
/* */
#include <math.h>

int main(int argc, char** argv)
{
  (void)argv;
#ifndef atan2
  return ((int*)(&atan2))[argc];
#else
  (void)argc;
  return 0;
#endif
}
Determining if the log10 exist passed with the following output:
Change Dir: /home/marcin/projects/cmake_testing/build/CMakeFiles/CMakeTmp

Run Build Command(s):/usr/bin/gmake -f Makefile cmTC_f8532/fast && /usr/bin/gmake  -f CMakeFiles/cmTC_f8532.dir/build.make CMakeFiles/cmTC_f8532.dir/build
gmake[1]: Entering directory '/home/marcin/projects/cmake_testing/build/CMakeFiles/CMakeTmp'
Building C object CMakeFiles/cmTC_f8532.dir/CheckSymbolExists.c.obj
/usr/bin/arm-none-eabi-gcc --sysroot=/usr/arm-none-eabi   -Wall -Wno-strict-overflow -std=gnu11  -o CMakeFiles/cmTC_f8532.dir/CheckSymbolExists.c.obj -c /home/marcin/projects/cmake_testing/build/CMakeFiles/CMakeTmp/CheckSymbolExists.c
Linking C static library libcmTC_f8532.a
/usr/local/bin/cmake -P CMakeFiles/cmTC_f8532.dir/cmake_clean_target.cmake
/usr/local/bin/cmake -E cmake_link_script CMakeFiles/cmTC_f8532.dir/link.txt --verbose=1
/usr/bin/arm-none-eabi-ar qc libcmTC_f8532.a CMakeFiles/cmTC_f8532.dir/CheckSymbolExists.c.obj
/usr/bin/arm-none-eabi-ranlib libcmTC_f8532.a
gmake[1]: Leaving directory '/home/marcin/projects/cmake_testing/build/CMakeFiles/CMakeTmp'


File /home/marcin/projects/cmake_testing/build/CMakeFiles/CMakeTmp/CheckSymbolExists.c:
/* */
#include <math.h>

int main(int argc, char** argv)
{
  (void)argv;
#ifndef log10
  return ((int*)(&log10))[argc];
#else
  (void)argc;
  return 0;
#endif
}
Determining if the round exist passed with the following output:
Change Dir: /home/marcin/projects/cmake_testing/build/CMakeFiles/CMakeTmp

Run Build Command(s):/usr/bin/gmake -f Makefile cmTC_8d933/fast && /usr/bin/gmake  -f CMakeFiles/cmTC_8d933.dir/build.make CMakeFiles/cmTC_8d933.dir/build
gmake[1]: Entering directory '/home/marcin/projects/cmake_testing/build/CMakeFiles/CMakeTmp'
Building C object CMakeFiles/cmTC_8d933.dir/CheckSymbolExists.c.obj
/usr/bin/arm-none-eabi-gcc --sysroot=/usr/arm-none-eabi   -Wall -Wno-strict-overflow -std=gnu11  -o CMakeFiles/cmTC_8d933.dir/CheckSymbolExists.c.obj -c /home/marcin/projects/cmake_testing/build/CMakeFiles/CMakeTmp/CheckSymbolExists.c
Linking C static library libcmTC_8d933.a
/usr/local/bin/cmake -P CMakeFiles/cmTC_8d933.dir/cmake_clean_target.cmake
/usr/local/bin/cmake -E cmake_link_script CMakeFiles/cmTC_8d933.dir/link.txt --verbose=1
/usr/bin/arm-none-eabi-ar qc libcmTC_8d933.a CMakeFiles/cmTC_8d933.dir/CheckSymbolExists.c.obj
/usr/bin/arm-none-eabi-ranlib libcmTC_8d933.a
gmake[1]: Leaving directory '/home/marcin/projects/cmake_testing/build/CMakeFiles/CMakeTmp'


File /home/marcin/projects/cmake_testing/build/CMakeFiles/CMakeTmp/CheckSymbolExists.c:
/* */
#include <math.h>

int main(int argc, char** argv)
{
  (void)argv;
#ifndef round
  return ((int*)(&round))[argc];
#else
  (void)argc;
  return 0;
#endif
}
Determining if the getopt exist passed with the following output:
Change Dir: /home/marcin/projects/cmake_testing/build/CMakeFiles/CMakeTmp

Run Build Command(s):/usr/bin/gmake -f Makefile cmTC_65ec1/fast && /usr/bin/gmake  -f CMakeFiles/cmTC_65ec1.dir/build.make CMakeFiles/cmTC_65ec1.dir/build
gmake[1]: Entering directory '/home/marcin/projects/cmake_testing/build/CMakeFiles/CMakeTmp'
Building C object CMakeFiles/cmTC_65ec1.dir/CheckSymbolExists.c.obj
/usr/bin/arm-none-eabi-gcc --sysroot=/usr/arm-none-eabi   -Wall -Wno-strict-overflow -std=gnu11  -o CMakeFiles/cmTC_65ec1.dir/CheckSymbolExists.c.obj -c /home/marcin/projects/cmake_testing/build/CMakeFiles/CMakeTmp/CheckSymbolExists.c
Linking C static library libcmTC_65ec1.a
/usr/local/bin/cmake -P CMakeFiles/cmTC_65ec1.dir/cmake_clean_target.cmake
/usr/local/bin/cmake -E cmake_link_script CMakeFiles/cmTC_65ec1.dir/link.txt --verbose=1
/usr/bin/arm-none-eabi-ar qc libcmTC_65ec1.a CMakeFiles/cmTC_65ec1.dir/CheckSymbolExists.c.obj
/usr/bin/arm-none-eabi-ranlib libcmTC_65ec1.a
gmake[1]: Leaving directory '/home/marcin/projects/cmake_testing/build/CMakeFiles/CMakeTmp'


File /home/marcin/projects/cmake_testing/build/CMakeFiles/CMakeTmp/CheckSymbolExists.c:
/* */
#include <getopt.h>

int main(int argc, char** argv)
{
  (void)argv;
#ifndef getopt
  return ((int*)(&getopt))[argc];
#else
  (void)argc;
  return 0;
#endif
}
